<?xml version="1.0" encoding="UTF-8"?>
<!-- Generated by org.testng.reporters.JUnitXMLReporter -->
<testsuite ignored="0" hostname="Apples-MacBook-Pro.local" failures="0" tests="3" name="Default test" time="133.444" errors="0" timestamp="2025-05-26T16:57:47 IST">
  <testcase classname="uianduxtesting.uianduxformultipleimages" name="pmvsbeneficiarypagecheck" time="62.622"/>
  <testcase classname="uianduxtesting.uianduxformultipleimages" name="chvsbeneficiarypagecheck" time="29.935"/>
  <testcase classname="uianduxtesting.uianduxformultipleimages" name="beneficvsbeneficiarypagecheck" time="29.517"/>
</testsuite> <!-- Default test -->
