<?xml version="1.0" encoding="UTF-8"?>
<!-- Generated by org.testng.reporters.JUnitXMLReporter -->
<testsuite ignored="0" hostname="Apples-MacBook-Pro.local" failures="0" tests="4" name="Appointment Management Test" time="109.289" errors="0" timestamp="2025-04-15T15:28:21 IST">
  <testcase classname="care_sa_admin_portal.appointment_management" name="login" time="1.607"/>
  <testcase classname="care_sa_admin_portal.appointment_management" name="addappointment" time="25.456">
    <skipped/>
  </testcase> <!-- addappointment -->
  <testcase classname="care_sa_admin_portal.appointment_management" name="addappointment" time="25.322">
    <skipped/>
  </testcase> <!-- addappointment -->
  <testcase classname="care_sa_admin_portal.appointment_management" name="addappointment" time="25.318">
    <skipped/>
  </testcase> <!-- addappointment -->
</testsuite> <!-- Appointment Management Test -->
