<?xml version="1.0" encoding="UTF-8"?>
<!-- Generated by org.testng.reporters.JUnitXMLReporter -->
<testsuite ignored="2" hostname="Apples-MacBook-Pro.local" failures="1" tests="17" name="Beneficiary and Project Manager Test" time="180.842" errors="0" timestamp="2025-05-26T15:30:31 IST">
  <testcase classname="anfas_main_classes_for_all_modules.project_manager" name="login" time="5.741"/>
  <testcase classname="anfas_main_classes_for_all_modules.Beneficiary" name="login" time="10.451"/>
  <testcase classname="anfas_main_classes_for_all_modules.Beneficiary" name="clicksidemenubarandbeneficiarybutton" time="20.076"/>
  <testcase classname="anfas_main_classes_for_all_modules.Beneficiary" name="clickbeneficiarybutton" time="0.164"/>
  <testcase classname="anfas_main_classes_for_all_modules.project_manager" name="clicksidemenubarandbeneficiarybutton" time="24.133"/>
  <testcase classname="anfas_main_classes_for_all_modules.Beneficiary" name="clicknewbeneficiarybutton" time="5.201"/>
  <testcase classname="anfas_main_classes_for_all_modules.project_manager" name="clickprojectmanagerbutton" time="1.164">
    <skipped/>
  </testcase> <!-- clickprojectmanagerbutton -->
  <testcase classname="anfas_main_classes_for_all_modules.project_manager" name="clickprojectmanagerbutton" time="0.103"/>
  <testcase classname="anfas_main_classes_for_all_modules.Beneficiary" name="beneficiary_uploadimage" time="0.172">
    <skipped/>
  </testcase> <!-- beneficiary_uploadimage -->
  <testcase classname="anfas_main_classes_for_all_modules.project_manager" name="clicknewbeneficiarybutton" time="5.118"/>
  <testcase classname="anfas_main_classes_for_all_modules.Beneficiary" name="beneficiary_uploadimage" time="0.071">
    <failure type="org.openqa.selenium.ElementNotInteractableException" message="element not interactable
  (Session info: chrome=136.0.7103.114)
Build info: version: &amp;apos;4.15.0&amp;apos;, revision: &amp;apos;1d14b5521b&amp;apos;
System info: os.name: &amp;apos;Mac OS X&amp;apos;, os.arch: &amp;apos;x86_64&amp;apos;, os.version: &amp;apos;11.6&amp;apos;, java.version: &amp;apos;17.0.1&amp;apos;
Driver info: org.openqa.selenium.chrome.ChromeDriver
Command: [d6956abbf125fb85fa3801fb5d58e8cb, sendKeysToElement {id=f.FB2E9E6D9426E8434AE11EE7EF5D9D0B.d.EF692E9FB4563E0B3C470D82C485F631.e.266, value=[Ljava.lang.CharSequence;@52d0f98f}]
Capabilities {acceptInsecureCerts: false, browserName: chrome, browserVersion: 136.0.7103.114, chrome: {chromedriverVersion: 136.0.7103.92 (cb81a4cc5087..., userDataDir: /var/folders/6r/9r64p18s683...}, fedcm:accounts: true, goog:chromeOptions: {debuggerAddress: localhost:51284}, networkConnectionEnabled: false, pageLoadStrategy: normal, platformName: mac, proxy: Proxy(), se:cdp: ws://localhost:51284/devtoo..., se:cdpVersion: 136.0.7103.114, setWindowRect: true, strictFileInteractability: false, timeouts: {implicit: 0, pageLoad: 300000, script: 30000}, unhandledPromptBehavior: dismiss and notify, webauthn:extension:credBlob: true, webauthn:extension:largeBlob: true, webauthn:extension:minPinLength: true, webauthn:extension:prf: true, webauthn:virtualAuthenticators: true}
Element: [[ChromeDriver: chrome on mac (d6956abbf125fb85fa3801fb5d58e8cb)] -&amp;gt; xpath: //*[text()=&amp;apos;Upload Image&amp;apos;]//preceding-sibling::h5//child::img]
Session ID: d6956abbf125fb85fa3801fb5d58e8cb">
      <![CDATA[org.openqa.selenium.ElementNotInteractableException: element not interactable
  (Session info: chrome=136.0.7103.114)
Build info: version: '4.15.0', revision: '1d14b5521b'
System info: os.name: 'Mac OS X', os.arch: 'x86_64', os.version: '11.6', java.version: '17.0.1'
Driver info: org.openqa.selenium.chrome.ChromeDriver
Command: [d6956abbf125fb85fa3801fb5d58e8cb, sendKeysToElement {id=f.FB2E9E6D9426E8434AE11EE7EF5D9D0B.d.EF692E9FB4563E0B3C470D82C485F631.e.266, value=[Ljava.lang.CharSequence;@52d0f98f}]
Capabilities {acceptInsecureCerts: false, browserName: chrome, browserVersion: 136.0.7103.114, chrome: {chromedriverVersion: 136.0.7103.92 (cb81a4cc5087..., userDataDir: /var/folders/6r/9r64p18s683...}, fedcm:accounts: true, goog:chromeOptions: {debuggerAddress: localhost:51284}, networkConnectionEnabled: false, pageLoadStrategy: normal, platformName: mac, proxy: Proxy(), se:cdp: ws://localhost:51284/devtoo..., se:cdpVersion: 136.0.7103.114, setWindowRect: true, strictFileInteractability: false, timeouts: {implicit: 0, pageLoad: 300000, script: 30000}, unhandledPromptBehavior: dismiss and notify, webauthn:extension:credBlob: true, webauthn:extension:largeBlob: true, webauthn:extension:minPinLength: true, webauthn:extension:prf: true, webauthn:virtualAuthenticators: true}
Element: [[ChromeDriver: chrome on mac (d6956abbf125fb85fa3801fb5d58e8cb)] -> xpath: //*[text()='Upload Image']//preceding-sibling::h5//child::img]
Session ID: d6956abbf125fb85fa3801fb5d58e8cb
at org.openqa.selenium.remote.codec.w3c.W3CHttpResponseCodec.createException(W3CHttpResponseCodec.java:200)
at org.openqa.selenium.remote.codec.w3c.W3CHttpResponseCodec.decode(W3CHttpResponseCodec.java:133)
at org.openqa.selenium.remote.codec.w3c.W3CHttpResponseCodec.decode(W3CHttpResponseCodec.java:52)
at org.openqa.selenium.remote.HttpCommandExecutor.execute(HttpCommandExecutor.java:191)
at org.openqa.selenium.remote.service.DriverCommandExecutor.invokeExecute(DriverCommandExecutor.java:200)
at org.openqa.selenium.remote.service.DriverCommandExecutor.execute(DriverCommandExecutor.java:175)
at org.openqa.selenium.remote.RemoteWebDriver.execute(RemoteWebDriver.java:607)
at org.openqa.selenium.remote.RemoteWebElement.execute(RemoteWebElement.java:224)
at org.openqa.selenium.remote.RemoteWebElement.sendKeys(RemoteWebElement.java:111)
at anfas.reusablekeyboardactions.uploadFile(reusablekeyboardactions.java:97)
at anfas_main_classes_for_all_modules.Beneficiary.beneficiary_uploadimage(Beneficiary.java:283)
at java.base/java.util.concurrent.ThreadPoolExecutor.runWorker(ThreadPoolExecutor.java:1136)
at java.base/java.util.concurrent.ThreadPoolExecutor$Worker.run(ThreadPoolExecutor.java:635)
at java.base/java.lang.Thread.run(Thread.java:833)
... Removed 17 stack frames]]>
    </failure>
  </testcase> <!-- beneficiary_uploadimage -->
  <testcase classname="anfas_main_classes_for_all_modules.Beneficiary" name="addname" time="0.214"/>
  <testcase classname="anfas_main_classes_for_all_modules.Beneficiary" name="addmobilenumber" time="0.195"/>
  <testcase classname="anfas_main_classes_for_all_modules.project_manager" name="project_manageruploadimage" time="14.144"/>
  <testcase classname="anfas_main_classes_for_all_modules.project_manager" name="addfirstname" time="0.199"/>
  <testcase classname="anfas_main_classes_for_all_modules.Beneficiary" name="addemail" time="75.201">
    <skipped/>
  </testcase> <!-- addemail -->
  <testcase classname="anfas_main_classes_for_all_modules.project_manager" name="addlastname" time="75.037">
    <skipped/>
  </testcase> <!-- addlastname -->
  <testcase classname="anfas_main_classes_for_all_modules.base_class" name="@BeforeSuite setupExtentReport" time="0.0">
    <ignored/>
  </testcase> <!-- @BeforeSuite setupExtentReport -->
  <testcase classname="anfas_main_classes_for_all_modules.base_class" name="@AfterSuite tearDownExtentReport" time="0.0">
    <ignored/>
  </testcase> <!-- @AfterSuite tearDownExtentReport -->
</testsuite> <!-- Beneficiary and Project Manager Test -->
