<?xml version="1.0" encoding="UTF-8"?>
<testng-results ignored="0" total="3" passed="3" failed="0" skipped="0">
  <reporter-output>
  </reporter-output>
  <suite started-at="2025-05-26T16:55:34 IST" name="Default suite" finished-at="2025-05-26T16:57:47 IST" duration-ms="133444">
    <groups>
    </groups>
    <test started-at="2025-05-26T16:55:34 IST" name="Default test" finished-at="2025-05-26T16:57:47 IST" duration-ms="133444">
      <class name="uianduxtesting.uianduxformultipleimages">
        <test-method is-config="true" signature="setupExtentReport()[pri:0, instance:uianduxtesting.uianduxformultipleimages@3cad68df]" started-at="2025-05-26T16:55:33 IST" name="setupExtentReport" finished-at="2025-05-26T16:55:34 IST" duration-ms="242" status="PASS">
          <reporter-output>
          </reporter-output>
        </test-method> <!-- setupExtentReport -->
        <test-method is-config="true" signature="launchbrowser()[pri:0, instance:uianduxtesting.uianduxformultipleimages@3cad68df]" started-at="2025-05-26T16:55:34 IST" name="launchbrowser" finished-at="2025-05-26T16:55:45 IST" duration-ms="11175" status="PASS">
          <reporter-output>
          </reporter-output>
        </test-method> <!-- launchbrowser -->
        <test-method signature="pmvsbeneficiarypagecheck()[pri:1, instance:uianduxtesting.uianduxformultipleimages@3cad68df]" started-at="2025-05-26T16:55:45 IST" name="pmvsbeneficiarypagecheck" finished-at="2025-05-26T16:56:48 IST" duration-ms="62622" status="PASS">
          <reporter-output>
          </reporter-output>
        </test-method> <!-- pmvsbeneficiarypagecheck -->
        <test-method signature="chvsbeneficiarypagecheck()[pri:2, instance:uianduxtesting.uianduxformultipleimages@3cad68df]" started-at="2025-05-26T16:56:48 IST" name="chvsbeneficiarypagecheck" finished-at="2025-05-26T16:57:17 IST" duration-ms="29935" status="PASS">
          <reporter-output>
          </reporter-output>
        </test-method> <!-- chvsbeneficiarypagecheck -->
        <test-method signature="beneficvsbeneficiarypagecheck()[pri:3, instance:uianduxtesting.uianduxformultipleimages@3cad68df]" started-at="2025-05-26T16:57:17 IST" name="beneficvsbeneficiarypagecheck" finished-at="2025-05-26T16:57:47 IST" duration-ms="29517" status="PASS">
          <reporter-output>
          </reporter-output>
        </test-method> <!-- beneficvsbeneficiarypagecheck -->
        <test-method is-config="true" signature="teardown()[pri:0, instance:uianduxtesting.uianduxformultipleimages@3cad68df]" started-at="2025-05-26T16:57:47 IST" name="teardown" finished-at="2025-05-26T16:57:47 IST" duration-ms="158" status="PASS">
          <reporter-output>
          </reporter-output>
        </test-method> <!-- teardown -->
        <test-method is-config="true" signature="tearDownExtentReport()[pri:0, instance:uianduxtesting.uianduxformultipleimages@3cad68df]" started-at="2025-05-26T16:57:47 IST" name="tearDownExtentReport" finished-at="2025-05-26T16:57:59 IST" duration-ms="11430" status="PASS">
          <reporter-output>
          </reporter-output>
        </test-method> <!-- tearDownExtentReport -->
      </class> <!-- uianduxtesting.uianduxformultipleimages -->
    </test> <!-- Default test -->
  </suite> <!-- Default suite -->
</testng-results>
